<?xml version="1.0" encoding="UTF-8"?>
<!-- Generated by org.testng.reporters.JUnitReportReporter -->
<testsuite skipped="0" hostname="KT-GOPALAKANNAN" name="TestCases.Solr_Search_Test" tests="10" failures="0" timestamp="23 Aug 2019 07:15:05 GMT" time="177.947" errors="1">
  <testcase name="To_Verify_Barcode_Scanning" time="14.269" classname="TestCases.Solr_Search_Test"/>
  <testcase name="To_Verify_Barcode_Scanning" time="48.907" classname="TestCases.Solr_Search_Test">
    <error type="java.lang.NullPointerException">
      <![CDATA[java.lang.NullPointerException
at sun.reflect.NativeMethodAccessorImpl.invoke0(Native Method)
at sun.reflect.NativeMethodAccessorImpl.invoke(NativeMethodAccessorImpl.java:62)
at sun.reflect.DelegatingMethodAccessorImpl.invoke(DelegatingMethodAccessorImpl.java:43)
at java.lang.reflect.Method.invoke(Method.java:498)
at org.openqa.selenium.support.pagefactory.internal.LocatingElementHandler.invoke(LocatingElementHandler.java:51)
at com.sun.proxy.$Proxy9.toString(Unknown Source)
at java.lang.String.valueOf(String.java:2994)
at java.lang.StringBuilder.append(StringBuilder.java:131)
at org.openqa.selenium.support.ui.ExpectedConditions$10.toString(ExpectedConditions.java:306)
at java.lang.String.valueOf(String.java:2994)
at java.lang.StringBuilder.append(StringBuilder.java:131)
at org.openqa.selenium.support.ui.FluentWait.until(FluentWait.java:267)
at TestBase.TestBase.waitUntilElementVisible(TestBase.java:73)
at Pages.Solr_Search.Barcode_Scanning(Solr_Search.java:54)
at TestCases.Solr_Search_Test.To_Verify_Barcode_Scanning(Solr_Search_Test.java:61)
at sun.reflect.NativeMethodAccessorImpl.invoke0(Native Method)
at sun.reflect.NativeMethodAccessorImpl.invoke(NativeMethodAccessorImpl.java:62)
at sun.reflect.DelegatingMethodAccessorImpl.invoke(DelegatingMethodAccessorImpl.java:43)
at java.lang.reflect.Method.invoke(Method.java:498)
at org.testng.internal.MethodInvocationHelper.invokeMethod(MethodInvocationHelper.java:124)
at org.testng.internal.Invoker.invokeMethod(Invoker.java:583)
at org.testng.internal.Invoker.invokeTestMethod(Invoker.java:719)
at org.testng.internal.Invoker.invokeTestMethods(Invoker.java:989)
at org.testng.internal.TestMethodWorker.invokeTestMethods(TestMethodWorker.java:125)
at org.testng.internal.TestMethodWorker.run(TestMethodWorker.java:109)
at org.testng.TestRunner.privateRun(TestRunner.java:648)
at org.testng.TestRunner.run(TestRunner.java:505)
at org.testng.SuiteRunner.runTest(SuiteRunner.java:455)
at org.testng.SuiteRunner.runSequentially(SuiteRunner.java:450)
at org.testng.SuiteRunner.privateRun(SuiteRunner.java:415)
at org.testng.SuiteRunner.run(SuiteRunner.java:364)
at org.testng.SuiteRunnerWorker.runSuite(SuiteRunnerWorker.java:52)
at org.testng.SuiteRunnerWorker.run(SuiteRunnerWorker.java:84)
at org.testng.TestNG.runSuitesSequentially(TestNG.java:1208)
at org.testng.TestNG.runSuitesLocally(TestNG.java:1137)
at org.testng.TestNG.runSuites(TestNG.java:1049)
at org.testng.TestNG.run(TestNG.java:1017)
at org.testng.remote.AbstractRemoteTestNG.run(AbstractRemoteTestNG.java:114)
at org.testng.remote.RemoteTestNG.initAndRun(RemoteTestNG.java:251)
at org.testng.remote.RemoteTestNG.main(RemoteTestNG.java:77)
]]>
    </error>
  </testcase> <!-- To_Verify_Barcode_Scanning -->
  <testcase name="To_Verify_Barcode_Scanning" time="14.446" classname="TestCases.Solr_Search_Test"/>
  <testcase name="To_Verify_Barcode_Scanning" time="15.488" classname="TestCases.Solr_Search_Test"/>
  <testcase name="To_Verify_Barcode_Scanning" time="13.967" classname="TestCases.Solr_Search_Test"/>
  <testcase name="To_Verify_Barcode_Scanning" time="14.296" classname="TestCases.Solr_Search_Test"/>
  <testcase name="To_Verify_Barcode_Scanning" time="14.264" classname="TestCases.Solr_Search_Test"/>
  <testcase name="To_Verify_Barcode_Scanning" time="14.203" classname="TestCases.Solr_Search_Test"/>
  <testcase name="To_Verify_Barcode_Scanning" time="13.703" classname="TestCases.Solr_Search_Test"/>
  <testcase name="To_Verify_Barcode_Scanning" time="14.404" classname="TestCases.Solr_Search_Test"/>
</testsuite> <!-- TestCases.Solr_Search_Test -->
