<?xml version="1.0" encoding="UTF-8"?>
<!-- Generated by org.testng.reporters.JUnitReportReporter -->
<testsuite skipped="0" hostname="KT-Gopal" name="TestCases.Cust" tests="1" failures="0" timestamp="03 May 2019 12:03:19 GMT" time="39.036" errors="0">
  <testcase name="Duplicate" time="39.036" classname="TestCases.Cust"/>
</testsuite> <!-- TestCases.Cust -->
