<?xml version="1.0" encoding="UTF-8"?>
<!-- Generated by org.testng.reporters.JUnitReportReporter -->
<testsuite skipped="1" hostname="KT-Gopal" name="TestCases.CreateNewVendorTest" tests="1" failures="0" timestamp="11 Jul 2018 05:42:48 GMT" time="0.000" errors="0">
  <testcase name="createnewvendorList" time="0.000" classname="TestCases.CreateNewVendorTest">
    <skipped/>
  </testcase> <!-- createnewvendorList -->
</testsuite> <!-- TestCases.CreateNewVendorTest -->
