<?xml version="1.0" encoding="UTF-8"?>
<!-- Generated by org.testng.reporters.JUnitReportReporter -->
<testsuite skipped="0" hostname="KT-Gopal" name="TestCases.QuickAddpopTest" tests="1" failures="0" timestamp="06 Jul 2018 10:35:42 GMT" time="26.377" errors="0">
  <testcase name="QuickAddpopupTest" time="26.377" classname="TestCases.QuickAddpopTest"/>
</testsuite> <!-- TestCases.QuickAddpopTest -->
