<?xml version="1.0" encoding="UTF-8"?>
<!-- Generated by org.testng.reporters.JUnitReportReporter -->
<testsuite skipped="0" hostname="KT-Gopal" name="TestCases.InvoiceSale_Test" tests="1" failures="0" timestamp="12 Dec 2018 07:22:35 GMT" time="33.452" errors="0">
  <testcase name="Toverifyaddtocart" time="33.452" classname="TestCases.InvoiceSale_Test"/>
</testsuite> <!-- TestCases.InvoiceSale_Test -->
